<?xml version="1.0" encoding="utf-8"?><testsuites name="pytest tests"><testsuite name="pytest" errors="0" failures="1" skipped="0" tests="90" time="67.131" timestamp="2026-08-27T18:01:13.066397+00:00" hostname="agent-env-c31f2d89-7131-4c3b-b51f-d07de166bf97"><testcase classname="tests.test_v2_features.TestPanelCap" name="test_update_and_persist" time="0.194" /><testcase classname="tests.test_v2_features.TestRegression" name="test_health" time="0.332" /><testcase classname="tests.test_v2_features.TestPanelCap" name="test_out_of_range_422[0]" time="0.075" /><testcase classname="tests.test_v2_features.TestPanelCap" name="test_out_of_range_422[-1]" time="0.036" /><testcase classname="tests.test_v2_features.TestPanelCap" name="test_out_of_range_422[31]" time="0.034" /><testcase classname="tests.test_v2_features.TestRegression" name="test_root" time="0.107" /><testcase classname="tests.test_v2_features.TestPanelCap" name="test_out_of_range_422[100]" time="0.045" /><testcase classname="tests.test_v2_features.TestPanelCap" name="test_boundaries_accepted[1]" time="0.178" /><testcase classname="tests.test_v2_features.TestRegression" name="test_explore_returns_list" time="0.045" /><testcase classname="tests.test_v2_features.TestRegression" name="test_list_mangas_filters_by_client_id" time="0.049" /><testcase classname="tests.test_v2_features.TestRegression" name="test_list_mangas_requires_client_id" time="0.082" /><testcase classname="tests.test_v2_features.TestPanelCap" name="test_boundaries_accepted[30]" time="0.036" /><testcase classname="tests.test_v2_features.TestPanelCap" name="test_missing_field_422" time="0.169" /><testcase classname="tests.test_v2_features.TestRegression" name="test_get_manga_404" time="0.107" /><testcase classname="tests.test_v2_features.TestRegression" name="test_rename_404_and_validation" time="0.167" /><testcase classname="tests.test_v2_features.TestPanelCap" name="test_nonexistent_manga_404" time="0.079" /><testcase classname="tests.test_health.TestHealth" name="test_health" time="0.085" /><testcase classname="tests.test_v2_features.TestRegression" name="test_publish_404" time="0.041" /><testcase classname="tests.test_v2_features.TestRegression" name="test_delete_404" time="0.042" /><testcase classname="tests.test_health.TestHealth" name="test_root" time="0.074" /><testcase classname="tests.test_v2_features.TestRegression" name="test_bubbles_404_and_validation" time="0.127" /><testcase classname="tests.test_health.TestHealth" name="test_explore_shape" time="0.035" /><testcase classname="tests.test_health.TestHealth" name="test_get_manga_404" time="0.077" /><testcase classname="tests.test_v2_features.TestBatchGenerate" name="test_nonexistent_manga_404" time="0.091" /><testcase classname="tests.test_health.TestHealth" name="test_job_404" time="0.037" /><testcase classname="tests.test_health.TestHealth" name="test_character_404" time="0.058" /><testcase classname="tests.test_v2_features.TestBatchGenerate" name="test_empty_chapter_ids_422" time="0.097" /><testcase classname="tests.test_health.TestHealth" name="test_chapter_generate_404" time="0.040" /><testcase classname="tests.test_health.TestHealth" name="test_file_404" time="0.077" /><testcase classname="tests.test_v2_features.TestBatchGenerate" name="test_too_many_chapter_ids_422" time="0.076" /><testcase classname="tests.test_health.TestHealth" name="test_create_manga_validation" time="0.046" /><testcase classname="tests.test_v2_features.TestBatchGenerate" name="test_missing_body_422" time="0.045" /><testcase classname="tests.test_migration.TestLocalStorage" name="test_upload_then_disk_then_download" time="0.117" /><testcase classname="tests.test_v2_features.TestBatchGenerate" name="test_no_matching_chapters_404" time="0.056" /><testcase classname="tests.test_v2_features.TestBatchGenerate" name="test_chapters_from_other_manga_not_matched" time="0.088" /><testcase classname="tests.test_migration.TestLocalStorage" name="test_file_404" time="0.036" /><testcase classname="tests.test_migration.TestLocalStorage" name="test_path_traversal_blocked[../../etc/passwd]" time="0.038" /><testcase classname="tests.test_v2_features.TestBatchGenerate" name="test_structural_response_and_job_docs" time="0.206" /><testcase classname="tests.test_migration.TestLocalStorage" name="test_path_traversal_blocked[..%2f..%2f..%2fetc%2fpasswd]" time="0.007" /><testcase classname="tests.test_migration.TestLocalStorage" name="test_path_traversal_blocked[ai-manga-studio/../../../etc/passwd]" time="0.094" /><testcase classname="tests.test_migration.TestLocalStorage" name="test_path_traversal_blocked_at_backend" time="0.013" /><testcase classname="tests.test_migration.TestLocalStorage" name="test_unsupported_extension_rejected" time="0.038" /><testcase classname="tests.test_migration.TestPlanJobSanitizedError" name="test_create_manga_is_fast_and_async" time="0.146" /><testcase classname="tests.test_v2_features.TestBatchGenerate" name="test_job_404" time="0.042" /><testcase classname="tests.test_migration.TestPlanJobSanitizedError" name="test_chapter_count_validation[0-422]" time="0.073" /><testcase classname="tests.test_v2_features.TestPdfExportEdgeCases" name="test_non_ascii_chapter_title" time="0.161" /><testcase classname="tests.test_migration.TestPlanJobSanitizedError" name="test_chapter_count_validation[21-422]" time="0.034" /><testcase classname="tests.test_v2_features.TestPdfExportEdgeCases" name="test_mixed_valid_and_broken_panel_images_exports_only_valid" time="0.052" /><testcase classname="tests.test_migration.TestPlanJobSanitizedError" name="test_chapter_count_validation[1-200]" time="0.075" /><testcase classname="tests.test_v2_features.TestPdfExportEdgeCases" name="test_all_broken_panel_images_returns_502" time="0.085" /><testcase classname="tests.test_migration.TestPlanJobSanitizedError" name="test_chapter_count_validation[20-200]" time="0.031" /><testcase classname="tests.test_migration.TestNoEmergentIntegrations" name="test_backend_py_files_have_no_emergentintegrations" time="0.001" /><testcase classname="tests.test_migration.TestNoEmergentIntegrations" name="test_ai_service_uses_google_genai" time="0.000" /><testcase classname="tests.test_migration.TestNoEmergentIntegrations" name="test_storage_service_is_local_only" time="0.000" /><testcase classname="tests.test_migration.TestNoEmergentIntegrations" name="test_server_no_emergent_key" time="0.004" /><testcase classname="tests.test_v2_features.TestUsageSummary" name="test_fresh_client_all_zeros" time="0.121" /><testcase classname="tests.test_v2_features.TestPdfExportEdgeCases" name="test_chapter_missing_number_field" time="0.044" /><testcase classname="tests.test_v2_features.TestPdfExportEdgeCases" name="test_unreachable_panel_image_returns_graceful_error" time="0.083" /><testcase classname="tests.test_v2_features.TestUsageSummary" name="test_missing_client_id_422" time="0.086" /><testcase classname="tests.test_v2_features.TestPdfExportEdgeCases" name="test_illegal_chars_in_title_sanitized" time="0.043" /><testcase classname="tests.test_v2_features.TestPdfExport" name="test_nonexistent_chapter_404" time="0.079" /><testcase classname="tests.test_v2_features.TestUsageSummary" name="test_aggregates_stats_across_mangas" time="0.052" /><testcase classname="tests.test_v2_features.TestUsageSummary" name="test_handles_manga_without_stats_field" time="0.045" /><testcase classname="tests.test_v2_features.TestPdfExport" name="test_chapter_without_panels_400" time="0.042" /><testcase classname="tests.test_v2_features.TestPdfExport" name="test_chapter_with_only_pending_panels_400" time="0.048" /><testcase classname="tests.test_edge_cases.TestMissingResourceHandling" name="test_rename_missing_manga_returns_404" time="0.034" /><testcase classname="tests.test_edge_cases.TestMissingResourceHandling" name="test_publish_missing_manga_returns_404" time="0.076" /><testcase classname="tests.test_v2_features.TestPdfExport" name="test_happy_path_pdf_with_bubbles" time="0.130" /><testcase classname="tests.test_edge_cases.TestMissingResourceHandling" name="test_delete_missing_manga_returns_404" time="0.037" /><testcase classname="tests.test_edge_cases.TestMissingResourceHandling" name="test_bubbles_missing_panel_returns_404" time="0.044" /><testcase classname="tests.test_edge_cases.TestUploadEndpoint" name="test_generic_upload_requires_client_id" time="0.121" /><testcase classname="tests.test_migration.TestChapterGenerationError" name="test_single_chapter_generate_error" time="0.172" /><testcase classname="tests.test_edge_cases.TestUploadEndpoint" name="test_generic_upload_rejects_bad_ext" time="0.076" /><testcase classname="tests.test_migration.TestChapterGenerationError" name="test_batch_generate_all_children_error" time="0.229" /><testcase classname="tests.test_edge_cases.TestUploadEndpoint" name="test_generic_upload_ok" time="0.115" /><testcase classname="tests.test_iter5_fixes.TestPollinationsMultilinePromptFix" name="test_generate_portrait_returns_real_image" time="2.236" /><testcase classname="tests.test_migration.TestEnvState" name="test_google_api_key_is_empty_as_expected" time="0.000" /><testcase classname="tests.test_migration.TestEnvState" name="test_storage_root_exists" time="0.003" /><testcase classname="tests.test_edge_cases.TestInputValidation" name="test_chapter_count_zero_rejected" time="0.034" /><testcase classname="tests.test_edge_cases.TestInputValidation" name="test_empty_idea_rejected" time="0.074" /><testcase classname="tests.test_migration.TestHealthMigration" name="test_health" time="0.083" /><testcase classname="tests.test_migration.TestPollinationsPortrait" name="test_generate_portrait_uses_pollinations" time="46.845" /><testcase classname="tests.test_iter5_fixes.TestPollinationsMultilinePromptFix" name="test_raw_multiline_prompt_is_normalised_before_quoting" time="0.430" /><testcase classname="tests.test_iter5_fixes.TestStableSeed" name="test_seed_is_md5_deterministic" time="0.002" /><testcase classname="tests.test_iter5_fixes.TestStableSeed" name="test_repeat_portrait_same_character_deterministic" time="60.038"><failure message="AssertionError: &lt;!DOCTYPE html&gt;&#10;  &lt;!--[if lt IE 7]&gt; &lt;html class=&quot;no-js ie6 oldie&quot; lang=&quot;en-US&quot;&gt; &lt;![endif]--&gt;&#10;  &lt;!--[if IE 7]&gt;    &lt;html class=&quot;no-js ie7 oldie&quot; lang=&quot;en-US&quot;&gt; &lt;![endif]--&gt;&#10;  &lt;!--[if IE 8]&gt;    &lt;html class=&quot;no-js ie8 oldie&quot; lang=&quot;en-US&quot;&gt; &lt;![endif]--&gt;&#10;  &lt;!--[if gt IE 8]&gt;&lt;!--&gt; &lt;html class=&quot;no-js&quot; lang=&quot;en-US&quot;&gt; &lt;!&#10;assert 502 == 200&#10; +  where 502 = &lt;Response [502]&gt;.status_code">tests/test_iter5_fixes.py:190: in test_repeat_portrait_same_character_deterministic
    assert r.status_code == 200, r.text[:300]
E   AssertionError: &lt;!DOCTYPE html&gt;
E     &lt;!--[if lt IE 7]&gt; &lt;html class="no-js ie6 oldie" lang="en-US"&gt; &lt;![endif]--&gt;
E     &lt;!--[if IE 7]&gt;    &lt;html class="no-js ie7 oldie" lang="en-US"&gt; &lt;![endif]--&gt;
E     &lt;!--[if IE 8]&gt;    &lt;html class="no-js ie8 oldie" lang="en-US"&gt; &lt;![endif]--&gt;
E     &lt;!--[if gt IE 8]&gt;&lt;!--&gt; &lt;html class="no-js" lang="en-US"&gt; &lt;!
E   assert 502 == 200
E    +  where 502 = &lt;Response [502]&gt;.status_code</failure></testcase><testcase classname="tests.test_migration.TestPdfExportLocalStorage" name="test_export_pdf" time="0.129" /><testcase classname="tests.test_iter5_fixes.TestFastFailWithoutKey" name="test_plan_job_fails_fast" time="0.243" /><testcase classname="tests.test_edge_cases.TestJobStream" name="test_stream_missing_job" time="0.118" /><testcase classname="tests.test_iter5_fixes.TestChapterMissingSummary" name="test_chapter_without_summary_field" time="0.275" /><testcase classname="tests.test_v2_features.TestBatchLifecycle" name="test_all_children_fail_batch_not_done" time="0.322" /></testsuite></testsuites>