<?xml version="1.0" encoding="utf-8"?><testsuites name="pytest tests"><testsuite name="pytest" errors="0" failures="0" skipped="0" tests="2" time="270.403" timestamp="2026-08-27T17:54:51.451223+00:00" hostname="agent-env-c31f2d89-7131-4c3b-b51f-d07de166bf97"><testcase classname="tests.test_iter6_concurrency_internal.TestConcurrentPortraitsInternalRound1" name="test_round1" time="136.807" /><testcase classname="tests.test_iter6_concurrency_internal.TestConcurrentPortraitsInternalRound2" name="test_round2" time="133.515" /></testsuite></testsuites>