<?xml version="1.0" encoding="utf-8"?><testsuites name="pytest tests"><testsuite name="pytest" errors="0" failures="0" skipped="0" tests="4" time="140.887" timestamp="2026-08-27T18:10:12.783274+00:00" hostname="agent-env-c31f2d89-7131-4c3b-b51f-d07de166bf97"><testcase classname="tests.test_iter7_portrait_jobs.TestPortraitJobContract" name="test_returns_job_id_immediately" time="4.756" /><testcase classname="tests.test_iter7_portrait_jobs.TestPortraitJobContract" name="test_404_for_unknown_character_before_job_creation" time="0.038" /><testcase classname="tests.test_iter7_portrait_jobs.TestPortraitJobContract" name="test_unknown_job_id_returns_404" time="0.034" /><testcase classname="tests.test_iter7_portrait_jobs.TestPublicUrlConcurrency" name="test_three_parallel_requests_all_200_and_complete" time="135.971" /></testsuite></testsuites>