<?xml version="1.0" encoding="utf-8"?><testsuites name="pytest tests"><testsuite name="pytest" errors="0" failures="0" skipped="0" tests="5" time="272.799" timestamp="2026-08-27T18:17:43.834325+00:00" hostname="agent-env-c31f2d89-7131-4c3b-b51f-d07de166bf97"><testcase classname="tests.test_iter6_concurrency.TestConcurrentPortraits" name="test_round_1_three_parallel_portraits" time="93.606" /><testcase classname="tests.test_iter6_concurrency.TestConcurrentPortraits" name="test_round_2_three_parallel_portraits" time="178.821" /><testcase classname="tests.test_iter6_concurrency.TestSemaphoreAndBackoffWiring" name="test_semaphore_and_backoffs_present" time="0.280" /><testcase classname="tests.test_iter6_concurrency.TestSemaphoreAndBackoffWiring" name="test_retry_after_header_honored_on_429" time="0.002" /><testcase classname="tests.test_iter6_concurrency.TestSemaphoreAndBackoffWiring" name="test_backoff_used_when_no_retry_after" time="0.004" /></testsuite></testsuites>