<?xml version="1.0" encoding="utf-8"?><testsuites name="pytest tests"><testsuite name="pytest" errors="0" failures="0" skipped="0" tests="19" time="359.752" timestamp="2026-08-24T15:31:55.273910+00:00" hostname="agent-env-c31f2d89-7131-4c3b-b51f-d07de166bf97"><testcase classname="tests.test_pipeline.TestFullPipeline" name="test_00_create_manga_via_public_ingress" time="59.593" /><testcase classname="tests.test_pipeline.TestFullPipeline" name="test_01_create_manga" time="61.688" /><testcase classname="tests.test_pipeline.TestFullPipeline" name="test_02_list_mangas" time="0.168" /><testcase classname="tests.test_pipeline.TestFullPipeline" name="test_03_get_manga" time="0.151" /><testcase classname="tests.test_pipeline.TestFullPipeline" name="test_04_generate_portrait" time="10.291" /><testcase classname="tests.test_pipeline.TestFullPipeline" name="test_05_fetch_portrait_bytes" time="0.553" /><testcase classname="tests.test_pipeline.TestFullPipeline" name="test_06_upload_reference" time="0.391" /><testcase classname="tests.test_pipeline.TestFullPipeline" name="test_07_fetch_uploaded_reference" time="0.456" /><testcase classname="tests.test_pipeline.TestFullPipeline" name="test_08_upload_reference_bad_type" time="0.074" /><testcase classname="tests.test_pipeline.TestFullPipeline" name="test_09_generate_chapter" time="224.111" /><testcase classname="tests.test_pipeline.TestFullPipeline" name="test_10_chapter_status_ready" time="0.033" /><testcase classname="tests.test_pipeline.TestFullPipeline" name="test_11_panels" time="0.040" /><testcase classname="tests.test_pipeline.TestFullPipeline" name="test_12_panel_image_served" time="0.804" /><testcase classname="tests.test_pipeline.TestFullPipeline" name="test_13_update_bubbles" time="0.080" /><testcase classname="tests.test_pipeline.TestFullPipeline" name="test_14_rename" time="0.113" /><testcase classname="tests.test_pipeline.TestFullPipeline" name="test_15_publish_and_explore" time="0.140" /><testcase classname="tests.test_pipeline.TestFullPipeline" name="test_16_unpublish" time="0.244" /><testcase classname="tests.test_pipeline.TestFullPipeline" name="test_17_cover_url_set" time="0.032" /><testcase classname="tests.test_pipeline.TestFullPipeline" name="test_18_delete_cascade" time="0.213" /></testsuite></testsuites>