<?xml version="1.0" encoding="utf-8"?><testsuites name="pytest tests"><testsuite name="pytest" errors="0" failures="0" skipped="0" tests="42" time="24.326" timestamp="2026-08-24T16:18:49.327401+00:00" hostname="agent-env-c31f2d89-7131-4c3b-b51f-d07de166bf97"><testcase classname="tests.test_v2_features.TestPanelCap" name="test_update_and_persist" time="0.158" /><testcase classname="tests.test_v2_features.TestRegression" name="test_health" time="0.191" /><testcase classname="tests.test_v2_features.TestPanelCap" name="test_out_of_range_422[0]" time="0.074" /><testcase classname="tests.test_v2_features.TestRegression" name="test_root" time="0.039" /><testcase classname="tests.test_v2_features.TestPanelCap" name="test_out_of_range_422[-1]" time="0.077" /><testcase classname="tests.test_v2_features.TestRegression" name="test_explore_returns_list" time="0.037" /><testcase classname="tests.test_v2_features.TestRegression" name="test_list_mangas_filters_by_client_id" time="0.044" /><testcase classname="tests.test_v2_features.TestPanelCap" name="test_out_of_range_422[31]" time="0.036" /><testcase classname="tests.test_v2_features.TestRegression" name="test_list_mangas_requires_client_id" time="0.081" /><testcase classname="tests.test_v2_features.TestPanelCap" name="test_out_of_range_422[100]" time="0.037" /><testcase classname="tests.test_v2_features.TestPanelCap" name="test_boundaries_accepted[1]" time="0.056" /><testcase classname="tests.test_v2_features.TestRegression" name="test_get_manga_404" time="0.044" /><testcase classname="tests.test_v2_features.TestRegression" name="test_rename_404_and_validation" time="0.164" /><testcase classname="tests.test_v2_features.TestPanelCap" name="test_boundaries_accepted[30]" time="0.045" /><testcase classname="tests.test_v2_features.TestPanelCap" name="test_missing_field_422" time="0.044" /><testcase classname="tests.test_v2_features.TestPanelCap" name="test_nonexistent_manga_404" time="0.036" /><testcase classname="tests.test_v2_features.TestBatchGenerate" name="test_nonexistent_manga_404" time="0.074" /><testcase classname="tests.test_v2_features.TestRegression" name="test_publish_404" time="0.039" /><testcase classname="tests.test_v2_features.TestBatchGenerate" name="test_empty_chapter_ids_422" time="0.075" /><testcase classname="tests.test_v2_features.TestRegression" name="test_delete_404" time="0.081" /><testcase classname="tests.test_v2_features.TestBatchGenerate" name="test_too_many_chapter_ids_422" time="0.077" /><testcase classname="tests.test_v2_features.TestRegression" name="test_bubbles_404_and_validation" time="0.114" /><testcase classname="tests.test_v2_features.TestBatchGenerate" name="test_missing_body_422" time="0.059" /><testcase classname="tests.test_v2_features.TestBatchGenerate" name="test_no_matching_chapters_404" time="0.045" /><testcase classname="tests.test_v2_features.TestBatchGenerate" name="test_chapters_from_other_manga_not_matched" time="0.040" /><testcase classname="tests.test_v2_features.TestBatchGenerate" name="test_structural_response_and_job_docs" time="0.239" /><testcase classname="tests.test_v2_features.TestBatchGenerate" name="test_job_404" time="0.029" /><testcase classname="tests.test_v2_features.TestUsageSummary" name="test_fresh_client_all_zeros" time="0.081" /><testcase classname="tests.test_v2_features.TestPdfExportEdgeCases" name="test_non_ascii_chapter_title" time="0.761" /><testcase classname="tests.test_v2_features.TestUsageSummary" name="test_missing_client_id_422" time="0.047" /><testcase classname="tests.test_v2_features.TestUsageSummary" name="test_aggregates_stats_across_mangas" time="0.035" /><testcase classname="tests.test_v2_features.TestUsageSummary" name="test_handles_manga_without_stats_field" time="0.033" /><testcase classname="tests.test_v2_features.TestPdfExport" name="test_nonexistent_chapter_404" time="0.043" /><testcase classname="tests.test_v2_features.TestPdfExport" name="test_chapter_without_panels_400" time="0.078" /><testcase classname="tests.test_v2_features.TestPdfExport" name="test_chapter_with_only_pending_panels_400" time="0.074" /><testcase classname="tests.test_v2_features.TestPdfExportEdgeCases" name="test_mixed_valid_and_broken_panel_images_exports_only_valid" time="0.820" /><testcase classname="tests.test_v2_features.TestPdfExport" name="test_happy_path_pdf_with_bubbles" time="1.098" /><testcase classname="tests.test_v2_features.TestPdfExportEdgeCases" name="test_all_broken_panel_images_returns_502" time="1.130" /><testcase classname="tests.test_v2_features.TestBatchLifecycle" name="test_all_children_fail_batch_not_done" time="20.792" /><testcase classname="tests.test_v2_features.TestPdfExportEdgeCases" name="test_chapter_missing_number_field" time="0.338" /><testcase classname="tests.test_v2_features.TestPdfExportEdgeCases" name="test_unreachable_panel_image_returns_graceful_error" time="0.750" /><testcase classname="tests.test_v2_features.TestPdfExportEdgeCases" name="test_illegal_chars_in_title_sanitized" time="0.343" /></testsuite></testsuites>