<?xml version="1.0" encoding="utf-8"?><testsuites name="pytest tests"><testsuite name="pytest" errors="0" failures="1" skipped="0" tests="23" time="42.650" timestamp="2026-08-27T17:23:19.689070+00:00" hostname="agent-env-c31f2d89-7131-4c3b-b51f-d07de166bf97"><testcase classname="tests.test_migration.TestPlanJobSanitizedError" name="test_create_manga_is_fast_and_async" time="10.555" /><testcase classname="tests.test_migration.TestLocalStorage" name="test_upload_then_disk_then_download" time="0.309" /><testcase classname="tests.test_migration.TestLocalStorage" name="test_file_404" time="0.090" /><testcase classname="tests.test_migration.TestLocalStorage" name="test_path_traversal_blocked[../../etc/passwd]" time="0.039" /><testcase classname="tests.test_migration.TestLocalStorage" name="test_path_traversal_blocked[..%2f..%2f..%2fetc%2fpasswd]" time="0.007" /><testcase classname="tests.test_migration.TestLocalStorage" name="test_path_traversal_blocked[ai-manga-studio/../../../etc/passwd]" time="0.088" /><testcase classname="tests.test_migration.TestLocalStorage" name="test_path_traversal_blocked_at_backend" time="0.012" /><testcase classname="tests.test_migration.TestLocalStorage" name="test_unsupported_extension_rejected" time="0.054" /><testcase classname="tests.test_migration.TestNoEmergentIntegrations" name="test_backend_py_files_have_no_emergentintegrations" time="0.001" /><testcase classname="tests.test_migration.TestNoEmergentIntegrations" name="test_ai_service_uses_google_genai" time="0.000" /><testcase classname="tests.test_migration.TestNoEmergentIntegrations" name="test_storage_service_is_local_only" time="0.000" /><testcase classname="tests.test_migration.TestNoEmergentIntegrations" name="test_server_no_emergent_key" time="0.000" /><testcase classname="tests.test_migration.TestChapterGenerationError" name="test_single_chapter_generate_error" time="10.293" /><testcase classname="tests.test_migration.TestPlanJobSanitizedError" name="test_chapter_count_validation[0-422]" time="0.034" /><testcase classname="tests.test_migration.TestPlanJobSanitizedError" name="test_chapter_count_validation[21-422]" time="0.041" /><testcase classname="tests.test_migration.TestPlanJobSanitizedError" name="test_chapter_count_validation[1-200]" time="0.076" /><testcase classname="tests.test_migration.TestPlanJobSanitizedError" name="test_chapter_count_validation[20-200]" time="0.033" /><testcase classname="tests.test_migration.TestHealthMigration" name="test_health" time="0.082" /><testcase classname="tests.test_migration.TestPollinationsPortrait" name="test_generate_portrait_uses_pollinations" time="30.564"><failure message="AssertionError: portrait failed: 503 {&quot;detail&quot;:&quot;Görsel üretim servisine ulaşılamadı. Lütfen tekrar deneyin.&quot;}&#10;assert 503 == 200&#10; +  where 503 = &lt;Response [503]&gt;.status_code">tests/test_migration.py:263: in test_generate_portrait_uses_pollinations
    assert last.status_code == 200, f"portrait failed: {last.status_code} {last.text[:400]}"
E   AssertionError: portrait failed: 503 {"detail":"Görsel üretim servisine ulaşılamadı. Lütfen tekrar deneyin."}
E   assert 503 == 200
E    +  where 503 = &lt;Response [503]&gt;.status_code</failure></testcase><testcase classname="tests.test_migration.TestChapterGenerationError" name="test_batch_generate_all_children_error" time="18.702" /><testcase classname="tests.test_migration.TestEnvState" name="test_google_api_key_is_empty_as_expected" time="0.000" /><testcase classname="tests.test_migration.TestEnvState" name="test_storage_root_exists" time="0.003" /><testcase classname="tests.test_migration.TestPdfExportLocalStorage" name="test_export_pdf" time="0.262" /></testsuite></testsuites>