<?xml version="1.0" encoding="utf-8"?><testsuites name="pytest tests"><testsuite name="pytest" errors="0" failures="1" skipped="0" tests="6" time="48.195" timestamp="2026-08-27T17:39:54.119310+00:00" hostname="agent-env-c31f2d89-7131-4c3b-b51f-d07de166bf97"><testcase classname="tests.test_iter5_fixes.TestStableSeed" name="test_seed_is_md5_deterministic" time="0.333" /><testcase classname="tests.test_iter5_fixes.TestPollinationsMultilinePromptFix" name="test_generate_portrait_returns_real_image" time="1.929" /><testcase classname="tests.test_iter5_fixes.TestStableSeed" name="test_repeat_portrait_same_character_deterministic" time="12.584"><failure message="AssertionError: {&quot;detail&quot;:&quot;Yapay zekâ servisi geçici olarak meşgul (kota limiti). Lütfen kısa süre sonra tekrar deneyin.&quot;}&#10;assert 503 == 200&#10; +  where 503 = &lt;Response [503]&gt;.status_code">tests/test_iter5_fixes.py:190: in test_repeat_portrait_same_character_deterministic
    assert r.status_code == 200, r.text[:300]
E   AssertionError: {"detail":"Yapay zekâ servisi geçici olarak meşgul (kota limiti). Lütfen kısa süre sonra tekrar deneyin."}
E   assert 503 == 200
E    +  where 503 = &lt;Response [503]&gt;.status_code</failure></testcase><testcase classname="tests.test_iter5_fixes.TestPollinationsMultilinePromptFix" name="test_raw_multiline_prompt_is_normalised_before_quoting" time="45.130" /><testcase classname="tests.test_iter5_fixes.TestChapterMissingSummary" name="test_chapter_without_summary_field" time="0.125" /><testcase classname="tests.test_iter5_fixes.TestFastFailWithoutKey" name="test_plan_job_fails_fast" time="0.173" /></testsuite></testsuites>