<?xml version="1.0" encoding="utf-8"?><testsuites name="pytest tests"><testsuite name="pytest" errors="0" failures="6" skipped="0" tests="19" time="21.645" timestamp="2026-08-24T15:42:07.401690+00:00" hostname="agent-env-c31f2d89-7131-4c3b-b51f-d07de166bf97"><testcase classname="tests.test_edge_cases.TestMissingResourceHandling" name="test_rename_missing_manga_returns_404" time="0.180"><failure message="AssertionError: got 200 {&quot;ok&quot;:true} - silent success on missing manga&#10;assert 200 == 404&#10; +  where 200 = &lt;Response [200]&gt;.status_code">E   AssertionError: got 200 {"ok":true} - silent success on missing manga
    assert 200 == 404
     +  where 200 = &lt;Response [200]&gt;.status_code</failure></testcase><testcase classname="tests.test_health.TestHealth" name="test_health" time="0.123" /><testcase classname="tests.test_health.TestHealth" name="test_root" time="0.031" /><testcase classname="tests.test_health.TestHealth" name="test_explore_shape" time="0.075" /><testcase classname="tests.test_edge_cases.TestMissingResourceHandling" name="test_publish_missing_manga_returns_404" time="0.157"><failure message="AssertionError: got 200 {&quot;ok&quot;:true} - silent success on missing manga&#10;assert 200 == 404&#10; +  where 200 = &lt;Response [200]&gt;.status_code">E   AssertionError: got 200 {"ok":true} - silent success on missing manga
    assert 200 == 404
     +  where 200 = &lt;Response [200]&gt;.status_code</failure></testcase><testcase classname="tests.test_health.TestHealth" name="test_get_manga_404" time="0.142" /><testcase classname="tests.test_edge_cases.TestMissingResourceHandling" name="test_delete_missing_manga_returns_404" time="0.034"><failure message="AssertionError: got 200 {&quot;ok&quot;:true} - silent success on missing manga&#10;assert 200 == 404&#10; +  where 200 = &lt;Response [200]&gt;.status_code">E   AssertionError: got 200 {"ok":true} - silent success on missing manga
    assert 200 == 404
     +  where 200 = &lt;Response [200]&gt;.status_code</failure></testcase><testcase classname="tests.test_health.TestHealth" name="test_job_404" time="0.108" /><testcase classname="tests.test_edge_cases.TestMissingResourceHandling" name="test_bubbles_missing_panel_returns_404" time="0.072"><failure message="AssertionError: got 200 {&quot;ok&quot;:true} - silent success on missing panel&#10;assert 200 == 404&#10; +  where 200 = &lt;Response [200]&gt;.status_code">E   AssertionError: got 200 {"ok":true} - silent success on missing panel
    assert 200 == 404
     +  where 200 = &lt;Response [200]&gt;.status_code</failure></testcase><testcase classname="tests.test_edge_cases.TestUploadEndpoint" name="test_generic_upload_requires_client_id" time="0.081" /><testcase classname="tests.test_health.TestHealth" name="test_character_404" time="0.032" /><testcase classname="tests.test_health.TestHealth" name="test_chapter_generate_404" time="0.051" /><testcase classname="tests.test_edge_cases.TestUploadEndpoint" name="test_generic_upload_rejects_bad_ext" time="0.051" /><testcase classname="tests.test_health.TestHealth" name="test_file_404" time="0.682" /><testcase classname="tests.test_edge_cases.TestUploadEndpoint" name="test_generic_upload_ok" time="1.327" /><testcase classname="tests.test_health.TestHealth" name="test_create_manga_validation" time="0.398" /><testcase classname="tests.test_edge_cases.TestJobStream" name="test_stream_missing_job" time="0.262" /><testcase classname="tests.test_edge_cases.TestInputValidation" name="test_chapter_count_zero_rejected" time="9.585"><failure message="AssertionError: chapter_count=0 accepted -&gt; manga created with zero chapters&#10;assert 500 == 422&#10; +  where 500 = &lt;Response [500]&gt;.status_code">E   AssertionError: chapter_count=0 accepted -&gt; manga created with zero chapters
    assert 500 == 422
     +  where 500 = &lt;Response [500]&gt;.status_code</failure></testcase><testcase classname="tests.test_edge_cases.TestInputValidation" name="test_empty_idea_rejected" time="9.637"><failure message="AssertionError: empty idea returned 500 (expected 422 validation error)&#10;assert 500 == 422&#10; +  where 500 = &lt;Response [500]&gt;.status_code">E   AssertionError: empty idea returned 500 (expected 422 validation error)
    assert 500 == 422
     +  where 500 = &lt;Response [500]&gt;.status_code</failure></testcase></testsuite></testsuites>