<?xml version="1.0" encoding="utf-8"?><testsuites name="pytest tests"><testsuite name="pytest" errors="0" failures="5" skipped="0" tests="61" time="22.621" timestamp="2026-08-27T17:24:17.529050+00:00" hostname="agent-env-c31f2d89-7131-4c3b-b51f-d07de166bf97"><testcase classname="tests.test_v2_features.TestPanelCap" name="test_update_and_persist" time="0.354" /><testcase classname="tests.test_v2_features.TestRegression" name="test_health" time="0.210" /><testcase classname="tests.test_v2_features.TestRegression" name="test_root" time="0.077" /><testcase classname="tests.test_v2_features.TestRegression" name="test_explore_returns_list" time="0.044" /><testcase classname="tests.test_v2_features.TestRegression" name="test_list_mangas_filters_by_client_id" time="0.065" /><testcase classname="tests.test_v2_features.TestPanelCap" name="test_out_of_range_422[0]" time="0.066" /><testcase classname="tests.test_v2_features.TestRegression" name="test_list_mangas_requires_client_id" time="0.078" /><testcase classname="tests.test_v2_features.TestPanelCap" name="test_out_of_range_422[-1]" time="0.117" /><testcase classname="tests.test_v2_features.TestRegression" name="test_get_manga_404" time="0.042" /><testcase classname="tests.test_v2_features.TestRegression" name="test_rename_404_and_validation" time="0.180" /><testcase classname="tests.test_v2_features.TestPanelCap" name="test_out_of_range_422[31]" time="0.114" /><testcase classname="tests.test_v2_features.TestPanelCap" name="test_out_of_range_422[100]" time="0.069" /><testcase classname="tests.test_v2_features.TestRegression" name="test_publish_404" time="0.088" /><testcase classname="tests.test_v2_features.TestPanelCap" name="test_boundaries_accepted[1]" time="0.115" /><testcase classname="tests.test_v2_features.TestRegression" name="test_delete_404" time="0.043" /><testcase classname="tests.test_v2_features.TestRegression" name="test_bubbles_404_and_validation" time="0.110" /><testcase classname="tests.test_v2_features.TestPanelCap" name="test_boundaries_accepted[30]" time="0.125" /><testcase classname="tests.test_health.TestHealth" name="test_health" time="0.109" /><testcase classname="tests.test_v2_features.TestPanelCap" name="test_missing_field_422" time="0.155" /><testcase classname="tests.test_health.TestHealth" name="test_root" time="0.076" /><testcase classname="tests.test_v2_features.TestPanelCap" name="test_nonexistent_manga_404" time="0.111" /><testcase classname="tests.test_health.TestHealth" name="test_explore_shape" time="0.042" /><testcase classname="tests.test_health.TestHealth" name="test_get_manga_404" time="0.080" /><testcase classname="tests.test_v2_features.TestBatchGenerate" name="test_nonexistent_manga_404" time="0.183"><failure message="assert 'Manga not found' in '{&quot;detail&quot;:&quot;Manga bulunamadı&quot;}'&#10; +  where '{&quot;detail&quot;:&quot;Manga bulunamadı&quot;}' = &lt;Response [404]&gt;.text">tests/test_v2_features.py:235: in test_nonexistent_manga_404
    assert "Manga not found" in r.text
E   assert 'Manga not found' in '{"detail":"Manga bulunamadı"}'
E    +  where '{"detail":"Manga bulunamadı"}' = &lt;Response [404]&gt;.text</failure></testcase><testcase classname="tests.test_health.TestHealth" name="test_job_404" time="0.044" /><testcase classname="tests.test_health.TestHealth" name="test_character_404" time="0.037" /><testcase classname="tests.test_health.TestHealth" name="test_chapter_generate_404" time="0.058" /><testcase classname="tests.test_health.TestHealth" name="test_file_404" time="0.078" /><testcase classname="tests.test_v2_features.TestBatchGenerate" name="test_empty_chapter_ids_422" time="0.148" /><testcase classname="tests.test_health.TestHealth" name="test_create_manga_validation" time="0.075" /><testcase classname="tests.test_v2_features.TestBatchGenerate" name="test_too_many_chapter_ids_422" time="0.074" /><testcase classname="tests.test_v2_features.TestPdfExportEdgeCases" name="test_non_ascii_chapter_title" time="0.187" /><testcase classname="tests.test_v2_features.TestBatchGenerate" name="test_missing_body_422" time="0.126" /><testcase classname="tests.test_v2_features.TestPdfExportEdgeCases" name="test_mixed_valid_and_broken_panel_images_exports_only_valid" time="0.093" /><testcase classname="tests.test_v2_features.TestBatchGenerate" name="test_no_matching_chapters_404" time="0.136"><failure message="assert 'No matching chapters' in '{&quot;detail&quot;:&quot;Eşleşen bölüm yok&quot;}'&#10; +  where '{&quot;detail&quot;:&quot;Eşleşen bölüm yok&quot;}' = &lt;Response [404]&gt;.text">tests/test_v2_features.py:259: in test_no_matching_chapters_404
    assert "No matching chapters" in r.text
E   assert 'No matching chapters' in '{"detail":"Eşleşen bölüm yok"}'
E    +  where '{"detail":"Eşleşen bölüm yok"}' = &lt;Response [404]&gt;.text</failure></testcase><testcase classname="tests.test_v2_features.TestPdfExportEdgeCases" name="test_all_broken_panel_images_returns_502" time="0.056"><failure message="AssertionError: {&quot;detail&quot;:&quot;Tüm panel görselleri kullanılamıyor&quot;}&#10;assert 'unavailable' in '{&quot;detail&quot;:&quot;tüm panel görselleri kullanılamıyor&quot;}'&#10; +  where '{&quot;detail&quot;:&quot;tüm panel görselleri kullanılamıyor&quot;}' = &lt;built-in method lower of str object at 0xf9a8203949f0&gt;()&#10; +    where &lt;built-in method lower of str object at 0xf9a8203949f0&gt; = '{&quot;detail&quot;:&quot;Tüm panel görselleri kullanılamıyor&quot;}'.lower&#10; +      where '{&quot;detail&quot;:&quot;Tüm panel görselleri kullanılamıyor&quot;}' = &lt;Response [502]&gt;.text">tests/test_v2_features.py:457: in test_all_broken_panel_images_returns_502
    assert "unavailable" in internal.text.lower(), internal.text[:200]
E   AssertionError: {"detail":"Tüm panel görselleri kullanılamıyor"}
E   assert 'unavailable' in '{"detail":"tüm panel görselleri kullanılamıyor"}'
E    +  where '{"detail":"tüm panel görselleri kullanılamıyor"}' = &lt;built-in method lower of str object at 0xf9a8203949f0&gt;()
E    +    where &lt;built-in method lower of str object at 0xf9a8203949f0&gt; = '{"detail":"Tüm panel görselleri kullanılamıyor"}'.lower
E    +      where '{"detail":"Tüm panel görselleri kullanılamıyor"}' = &lt;Response [502]&gt;.text</failure></testcase><testcase classname="tests.test_v2_features.TestPdfExportEdgeCases" name="test_chapter_missing_number_field" time="0.042" /><testcase classname="tests.test_v2_features.TestBatchGenerate" name="test_chapters_from_other_manga_not_matched" time="0.138" /><testcase classname="tests.test_v2_features.TestPdfExportEdgeCases" name="test_unreachable_panel_image_returns_graceful_error" time="0.040" /><testcase classname="tests.test_v2_features.TestPdfExportEdgeCases" name="test_illegal_chars_in_title_sanitized" time="0.040" /><testcase classname="tests.test_v2_features.TestUsageSummary" name="test_fresh_client_all_zeros" time="0.078" /><testcase classname="tests.test_v2_features.TestBatchGenerate" name="test_structural_response_and_job_docs" time="0.627" /><testcase classname="tests.test_v2_features.TestUsageSummary" name="test_missing_client_id_422" time="0.032" /><testcase classname="tests.test_v2_features.TestUsageSummary" name="test_aggregates_stats_across_mangas" time="0.036"><failure message="assert 0.0 == 0.23 ± 1.0e-06&#10;  &#10;  comparison failed&#10;  Obtained: 0.0&#10;  Expected: 0.23 ± 1.0e-06">tests/test_v2_features.py:179: in test_aggregates_stats_across_mangas
    assert body["estimated_credits_spent_usd"] == pytest.approx(5 * 0.04 + 3 * 0.01, abs=1e-6)
E   assert 0.0 == 0.23 ± 1.0e-06
E     
E     comparison failed
E     Obtained: 0.0
E     Expected: 0.23 ± 1.0e-06</failure></testcase><testcase classname="tests.test_v2_features.TestUsageSummary" name="test_handles_manga_without_stats_field" time="0.037" /><testcase classname="tests.test_edge_cases.TestMissingResourceHandling" name="test_rename_missing_manga_returns_404" time="0.039" /><testcase classname="tests.test_edge_cases.TestMissingResourceHandling" name="test_publish_missing_manga_returns_404" time="0.043" /><testcase classname="tests.test_edge_cases.TestMissingResourceHandling" name="test_delete_missing_manga_returns_404" time="0.078" /><testcase classname="tests.test_edge_cases.TestMissingResourceHandling" name="test_bubbles_missing_panel_returns_404" time="0.041" /><testcase classname="tests.test_edge_cases.TestUploadEndpoint" name="test_generic_upload_requires_client_id" time="0.036" /><testcase classname="tests.test_edge_cases.TestUploadEndpoint" name="test_generic_upload_rejects_bad_ext" time="0.078" /><testcase classname="tests.test_edge_cases.TestUploadEndpoint" name="test_generic_upload_ok" time="0.234" /><testcase classname="tests.test_v2_features.TestBatchGenerate" name="test_job_404" time="0.165" /><testcase classname="tests.test_edge_cases.TestInputValidation" name="test_chapter_count_zero_rejected" time="0.040" /><testcase classname="tests.test_edge_cases.TestInputValidation" name="test_empty_idea_rejected" time="0.075" /><testcase classname="tests.test_v2_features.TestPdfExport" name="test_nonexistent_chapter_404" time="0.130" /><testcase classname="tests.test_v2_features.TestBatchLifecycle" name="test_all_children_fail_batch_not_done" time="18.592" /><testcase classname="tests.test_v2_features.TestPdfExport" name="test_chapter_without_panels_400" time="0.124"><failure message="assert 'no ready panels' in '{&quot;detail&quot;:&quot;bu bölümde dışa aktarılacak hazır panel yok&quot;}'&#10; +  where '{&quot;detail&quot;:&quot;bu bölümde dışa aktarılacak hazır panel yok&quot;}' = &lt;built-in method lower of str object at 0xfc22cc900d30&gt;()&#10; +    where &lt;built-in method lower of str object at 0xfc22cc900d30&gt; = '{&quot;detail&quot;:&quot;Bu bölümde dışa aktarılacak hazır panel yok&quot;}'.lower&#10; +      where '{&quot;detail&quot;:&quot;Bu bölümde dışa aktarılacak hazır panel yok&quot;}' = &lt;Response [400]&gt;.text">tests/test_v2_features.py:325: in test_chapter_without_panels_400
    assert "no ready panels" in r.text.lower()
E   assert 'no ready panels' in '{"detail":"bu bölümde dışa aktarılacak hazır panel yok"}'
E    +  where '{"detail":"bu bölümde dışa aktarılacak hazır panel yok"}' = &lt;built-in method lower of str object at 0xfc22cc900d30&gt;()
E    +    where &lt;built-in method lower of str object at 0xfc22cc900d30&gt; = '{"detail":"Bu bölümde dışa aktarılacak hazır panel yok"}'.lower
E    +      where '{"detail":"Bu bölümde dışa aktarılacak hazır panel yok"}' = &lt;Response [400]&gt;.text</failure></testcase><testcase classname="tests.test_v2_features.TestPdfExport" name="test_chapter_with_only_pending_panels_400" time="0.108" /><testcase classname="tests.test_v2_features.TestPdfExport" name="test_happy_path_pdf_with_bubbles" time="0.249" /><testcase classname="tests.test_edge_cases.TestJobStream" name="test_stream_missing_job" time="0.228" /></testsuite></testsuites>