<?xml version="1.0" encoding="utf-8"?><testsuites name="pytest tests"><testsuite name="pytest" errors="0" failures="3" skipped="0" tests="57" time="5.173" timestamp="2026-08-24T16:13:51.955178+00:00" hostname="agent-env-c31f2d89-7131-4c3b-b51f-d07de166bf97"><testcase classname="tests.test_v2_features.TestPanelCap" name="test_update_and_persist" time="0.372" /><testcase classname="tests.test_v2_features.TestRegression" name="test_health" time="0.217" /><testcase classname="tests.test_v2_features.TestRegression" name="test_root" time="0.030" /><testcase classname="tests.test_v2_features.TestRegression" name="test_explore_returns_list" time="0.036" /><testcase classname="tests.test_v2_features.TestRegression" name="test_list_mangas_filters_by_client_id" time="0.038" /><testcase classname="tests.test_v2_features.TestRegression" name="test_list_mangas_requires_client_id" time="0.041" /><testcase classname="tests.test_v2_features.TestRegression" name="test_get_manga_404" time="0.062" /><testcase classname="tests.test_v2_features.TestPanelCap" name="test_out_of_range_422[0]" time="0.126" /><testcase classname="tests.test_v2_features.TestRegression" name="test_rename_404_and_validation" time="0.199" /><testcase classname="tests.test_v2_features.TestPanelCap" name="test_out_of_range_422[-1]" time="0.041" /><testcase classname="tests.test_v2_features.TestPanelCap" name="test_out_of_range_422[31]" time="0.041" /><testcase classname="tests.test_v2_features.TestPanelCap" name="test_out_of_range_422[100]" time="0.042" /><testcase classname="tests.test_v2_features.TestPanelCap" name="test_boundaries_accepted[1]" time="0.046" /><testcase classname="tests.test_v2_features.TestRegression" name="test_publish_404" time="0.077" /><testcase classname="tests.test_v2_features.TestPanelCap" name="test_boundaries_accepted[30]" time="0.086" /><testcase classname="tests.test_v2_features.TestRegression" name="test_delete_404" time="0.030" /><testcase classname="tests.test_v2_features.TestRegression" name="test_bubbles_404_and_validation" time="0.106" /><testcase classname="tests.test_v2_features.TestPanelCap" name="test_missing_field_422" time="0.133" /><testcase classname="tests.test_health.TestHealth" name="test_health" time="0.098" /><testcase classname="tests.test_v2_features.TestPanelCap" name="test_nonexistent_manga_404" time="0.043" /><testcase classname="tests.test_v2_features.TestBatchGenerate" name="test_nonexistent_manga_404" time="0.041" /><testcase classname="tests.test_health.TestHealth" name="test_root" time="0.038" /><testcase classname="tests.test_v2_features.TestBatchGenerate" name="test_empty_chapter_ids_422" time="0.043" /><testcase classname="tests.test_health.TestHealth" name="test_explore_shape" time="0.043" /><testcase classname="tests.test_v2_features.TestBatchGenerate" name="test_too_many_chapter_ids_422" time="0.044" /><testcase classname="tests.test_health.TestHealth" name="test_get_manga_404" time="0.086" /><testcase classname="tests.test_v2_features.TestBatchGenerate" name="test_missing_body_422" time="0.037" /><testcase classname="tests.test_v2_features.TestBatchGenerate" name="test_no_matching_chapters_404" time="0.110" /><testcase classname="tests.test_health.TestHealth" name="test_job_404" time="0.052" /><testcase classname="tests.test_health.TestHealth" name="test_character_404" time="0.096" /><testcase classname="tests.test_v2_features.TestBatchGenerate" name="test_chapters_from_other_manga_not_matched" time="0.045" /><testcase classname="tests.test_v2_features.TestBatchGenerate" name="test_structural_response_and_job_docs" time="0.270" /><testcase classname="tests.test_health.TestHealth" name="test_chapter_generate_404" time="0.187" /><testcase classname="tests.test_health.TestHealth" name="test_file_404" time="0.627" /><testcase classname="tests.test_v2_features.TestBatchGenerate" name="test_job_404" time="0.042" /><testcase classname="tests.test_v2_features.TestUsageSummary" name="test_fresh_client_all_zeros" time="0.045" /><testcase classname="tests.test_v2_features.TestUsageSummary" name="test_missing_client_id_422" time="0.043" /><testcase classname="tests.test_v2_features.TestUsageSummary" name="test_aggregates_stats_across_mangas" time="0.039" /><testcase classname="tests.test_v2_features.TestUsageSummary" name="test_handles_manga_without_stats_field" time="0.043" /><testcase classname="tests.test_edge_cases.TestMissingResourceHandling" name="test_rename_missing_manga_returns_404" time="0.085" /><testcase classname="tests.test_edge_cases.TestMissingResourceHandling" name="test_publish_missing_manga_returns_404" time="0.044" /><testcase classname="tests.test_edge_cases.TestMissingResourceHandling" name="test_delete_missing_manga_returns_404" time="0.035" /><testcase classname="tests.test_edge_cases.TestMissingResourceHandling" name="test_bubbles_missing_panel_returns_404" time="0.037" /><testcase classname="tests.test_health.TestHealth" name="test_create_manga_validation" time="0.036" /><testcase classname="tests.test_v2_features.TestPdfExport" name="test_nonexistent_chapter_404" time="0.086" /><testcase classname="tests.test_v2_features.TestPdfExport" name="test_chapter_without_panels_400" time="0.037" /><testcase classname="tests.test_v2_features.TestPdfExport" name="test_chapter_with_only_pending_panels_400" time="0.034" /><testcase classname="tests.test_v2_features.TestPdfExport" name="test_happy_path_pdf_with_bubbles" time="0.923" /><testcase classname="tests.test_v2_features.TestPdfExportEdgeCases" name="test_non_ascii_chapter_title" time="0.873"><failure message="AssertionError: non-ASCII title -&gt; 500: Internal Server Error&#10;assert 500 == 200&#10; +  where 500 = &lt;Response [500]&gt;.status_code">E   AssertionError: non-ASCII title -&gt; 500: Internal Server Error
    assert 500 == 200
     +  where 500 = &lt;Response [500]&gt;.status_code</failure></testcase><testcase classname="tests.test_v2_features.TestPdfExportEdgeCases" name="test_chapter_missing_number_field" time="0.434"><failure message="AssertionError: missing 'number' -&gt; 500 (KeyError): Internal Server Error&#10;assert 500 != 500&#10; +  where 500 = &lt;Response [500]&gt;.status_code">E   AssertionError: missing 'number' -&gt; 500 (KeyError): Internal Server Error
    assert 500 != 500
     +  where 500 = &lt;Response [500]&gt;.status_code</failure></testcase><testcase classname="tests.test_edge_cases.TestUploadEndpoint" name="test_generic_upload_requires_client_id" time="0.081" /><testcase classname="tests.test_v2_features.TestPdfExportEdgeCases" name="test_unreachable_panel_image_returns_graceful_error" time="0.727"><failure message="AssertionError: missing storage object -&gt; unhandled 500: Internal Server Error&#10;assert 500 != 500&#10; +  where 500 = &lt;Response [500]&gt;.status_code">E   AssertionError: missing storage object -&gt; unhandled 500: Internal Server Error
    assert 500 != 500
     +  where 500 = &lt;Response [500]&gt;.status_code</failure></testcase><testcase classname="tests.test_edge_cases.TestUploadEndpoint" name="test_generic_upload_rejects_bad_ext" time="0.080" /><testcase classname="tests.test_edge_cases.TestUploadEndpoint" name="test_generic_upload_ok" time="0.613" /><testcase classname="tests.test_edge_cases.TestJobStream" name="test_stream_missing_job" time="0.099" /><testcase classname="tests.test_edge_cases.TestInputValidation" name="test_chapter_count_zero_rejected" time="0.032" /><testcase classname="tests.test_edge_cases.TestInputValidation" name="test_empty_idea_rejected" time="0.076" /></testsuite></testsuites>